2026-05-11 17:14:34,404 [INFO] extraer_inicial - ============================================================
2026-05-11 17:14:34,407 [INFO] extraer_inicial - EXTRACCION INICIAL TBS
2026-05-11 17:14:34,408 [INFO] extraer_inicial - ============================================================
2026-05-11 17:14:34,807 [INFO] extraccion.odoo_client - Conectado a Odoo version: 14.0+e
2026-05-11 17:14:34,942 [INFO] extraccion.odoo_client - Autenticado como UID=2
2026-05-11 17:14:34,945 [INFO] extraccion.extractor - Iniciando extraccion inicial desde 2024-07-01
2026-05-11 17:14:34,955 [INFO] extraccion.extractor - >>> Extrayendo res.users
2026-05-11 17:14:35,259 [INFO] extraccion.odoo_client - res.users: 645 registros a extraer en bloques de 500
2026-05-11 17:14:35,836 [INFO] extraccion.odoo_client - res.users: 500/645 extraidos (77%)
2026-05-11 17:14:36,045 [INFO] extraccion.odoo_client - res.users: 645/645 extraidos (100%)
2026-05-11 17:14:36,056 [INFO] extraccion.extractor - <<< res.users: 645 registros en 1.1s [ok]
2026-05-11 17:14:36,145 [INFO] extraccion.extractor - >>> Extrayendo product.category
2026-05-11 17:14:36,269 [INFO] extraccion.odoo_client - product.category: 358 registros a extraer en bloques de 500
2026-05-11 17:14:36,530 [INFO] extraccion.odoo_client - product.category: 358/358 extraidos (100%)
2026-05-11 17:14:36,548 [INFO] extraccion.extractor - <<< product.category: 358 registros en 0.4s [ok]
2026-05-11 17:14:36,688 [INFO] extraccion.extractor - >>> Extrayendo product.product
2026-05-11 17:14:36,822 [INFO] extraccion.odoo_client - product.product: 10411 registros a extraer en bloques de 500
2026-05-11 17:14:37,574 [INFO] extraccion.odoo_client - product.product: 500/10411 extraidos (4%)
2026-05-11 17:14:38,379 [INFO] extraccion.odoo_client - product.product: 1000/10411 extraidos (9%)
2026-05-11 17:14:39,118 [INFO] extraccion.odoo_client - product.product: 1500/10411 extraidos (14%)
2026-05-11 17:14:39,888 [INFO] extraccion.odoo_client - product.product: 2000/10411 extraidos (19%)
2026-05-11 17:14:40,607 [INFO] extraccion.odoo_client - product.product: 2500/10411 extraidos (24%)
2026-05-11 17:14:41,514 [INFO] extraccion.odoo_client - product.product: 3000/10411 extraidos (28%)
2026-05-11 17:14:41,869 [INFO] extraccion.extractor - <<< product.product: 3000 registros en 5.2s [error]
2026-05-11 17:14:41,938 [INFO] extraccion.extractor - >>> Extrayendo res.partner.industry
2026-05-11 17:14:42,210 [INFO] extraccion.odoo_client - res.partner.industry: 69 registros a extraer en bloques de 500
2026-05-11 17:14:42,332 [INFO] extraccion.odoo_client - res.partner.industry: 69/69 extraidos (100%)
2026-05-11 17:14:42,342 [INFO] extraccion.extractor - <<< res.partner.industry: 69 registros en 0.4s [ok]
2026-05-11 17:14:42,387 [INFO] extraccion.extractor - >>> Extrayendo res.partner
2026-05-11 17:14:42,493 [INFO] extraccion.odoo_client - res.partner: 1754 registros a extraer en bloques de 500
2026-05-11 17:14:43,407 [INFO] extraccion.odoo_client - res.partner: 500/1754 extraidos (28%)
2026-05-11 17:14:44,376 [INFO] extraccion.odoo_client - res.partner: 1000/1754 extraidos (57%)
2026-05-11 17:14:45,342 [INFO] extraccion.odoo_client - res.partner: 1500/1754 extraidos (85%)
2026-05-11 17:14:45,908 [INFO] extraccion.odoo_client - res.partner: 1754/1754 extraidos (100%)
2026-05-11 17:14:45,915 [INFO] extraccion.extractor - <<< res.partner: 1754 registros en 3.5s [ok]
2026-05-11 17:14:45,950 [INFO] extraccion.extractor - >>> Extrayendo sale.order
2026-05-11 17:14:46,080 [INFO] extraccion.odoo_client - sale.order: 5584 registros a extraer en bloques de 500
2026-05-11 17:14:46,871 [INFO] extraccion.odoo_client - sale.order: 500/5584 extraidos (8%)
2026-05-11 17:14:47,846 [INFO] extraccion.odoo_client - sale.order: 1000/5584 extraidos (17%)
2026-05-11 17:14:48,671 [INFO] extraccion.odoo_client - sale.order: 1500/5584 extraidos (26%)
2026-05-11 17:14:49,684 [INFO] extraccion.odoo_client - sale.order: 2000/5584 extraidos (35%)
2026-05-11 17:14:50,827 [INFO] extraccion.odoo_client - sale.order: 2500/5584 extraidos (44%)
2026-05-11 17:14:51,725 [INFO] extraccion.odoo_client - sale.order: 3000/5584 extraidos (53%)
2026-05-11 17:14:52,467 [INFO] extraccion.odoo_client - sale.order: 3500/5584 extraidos (62%)
2026-05-11 17:14:53,236 [INFO] extraccion.odoo_client - sale.order: 4000/5584 extraidos (71%)
2026-05-11 17:14:54,156 [INFO] extraccion.odoo_client - sale.order: 4500/5584 extraidos (80%)
2026-05-11 17:14:54,947 [INFO] extraccion.odoo_client - sale.order: 5000/5584 extraidos (89%)
2026-05-11 17:14:55,881 [INFO] extraccion.odoo_client - sale.order: 5500/5584 extraidos (98%)
2026-05-11 17:14:56,169 [INFO] extraccion.odoo_client - sale.order: 5584/5584 extraidos (100%)
2026-05-11 17:14:56,169 [INFO] extraccion.extractor - <<< sale.order: 5584 registros en 10.2s [ok]
2026-05-11 17:14:56,182 [INFO] extraccion.extractor - >>> Extrayendo sale.order.line
2026-05-11 17:14:56,297 [INFO] extraccion.odoo_client - sale.order.line: 12131 registros a extraer en bloques de 500
2026-05-11 17:14:57,085 [INFO] extraccion.odoo_client - sale.order.line: 500/12131 extraidos (4%)
2026-05-11 17:14:57,958 [INFO] extraccion.odoo_client - sale.order.line: 1000/12131 extraidos (8%)
2026-05-11 17:14:58,720 [INFO] extraccion.odoo_client - sale.order.line: 1500/12131 extraidos (12%)
2026-05-11 17:14:59,567 [INFO] extraccion.odoo_client - sale.order.line: 2000/12131 extraidos (16%)
2026-05-11 17:15:00,418 [INFO] extraccion.odoo_client - sale.order.line: 2500/12131 extraidos (20%)
2026-05-11 17:15:01,193 [INFO] extraccion.odoo_client - sale.order.line: 3000/12131 extraidos (24%)
2026-05-11 17:15:01,981 [INFO] extraccion.odoo_client - sale.order.line: 3500/12131 extraidos (28%)
2026-05-11 17:15:02,734 [INFO] extraccion.odoo_client - sale.order.line: 4000/12131 extraidos (32%)
2026-05-11 17:15:03,478 [INFO] extraccion.odoo_client - sale.order.line: 4500/12131 extraidos (37%)
2026-05-11 17:15:04,224 [INFO] extraccion.odoo_client - sale.order.line: 5000/12131 extraidos (41%)
2026-05-11 17:15:04,979 [INFO] extraccion.odoo_client - sale.order.line: 5500/12131 extraidos (45%)
2026-05-11 17:15:05,687 [INFO] extraccion.odoo_client - sale.order.line: 6000/12131 extraidos (49%)
2026-05-11 17:15:06,468 [INFO] extraccion.odoo_client - sale.order.line: 6500/12131 extraidos (53%)
2026-05-11 17:15:07,201 [INFO] extraccion.odoo_client - sale.order.line: 7000/12131 extraidos (57%)
2026-05-11 17:15:07,958 [INFO] extraccion.odoo_client - sale.order.line: 7500/12131 extraidos (61%)
2026-05-11 17:15:08,697 [INFO] extraccion.odoo_client - sale.order.line: 8000/12131 extraidos (65%)
2026-05-11 17:15:09,394 [INFO] extraccion.odoo_client - sale.order.line: 8500/12131 extraidos (70%)
2026-05-11 17:15:10,006 [INFO] extraccion.odoo_client - sale.order.line: 9000/12131 extraidos (74%)
2026-05-11 17:15:10,827 [INFO] extraccion.odoo_client - sale.order.line: 9500/12131 extraidos (78%)
2026-05-11 17:15:11,576 [INFO] extraccion.odoo_client - sale.order.line: 10000/12131 extraidos (82%)
2026-05-11 17:15:12,237 [INFO] extraccion.odoo_client - sale.order.line: 10500/12131 extraidos (86%)
2026-05-11 17:15:12,940 [INFO] extraccion.odoo_client - sale.order.line: 11000/12131 extraidos (90%)
2026-05-11 17:15:13,569 [INFO] extraccion.odoo_client - sale.order.line: 11500/12131 extraidos (94%)
2026-05-11 17:15:14,300 [INFO] extraccion.odoo_client - sale.order.line: 12000/12131 extraidos (98%)
2026-05-11 17:15:14,615 [INFO] extraccion.odoo_client - sale.order.line: 12131/12131 extraidos (100%)
2026-05-11 17:15:14,622 [INFO] extraccion.extractor - <<< sale.order.line: 12131 registros en 18.4s [ok]
2026-05-11 17:15:14,632 [INFO] extraccion.extractor - >>> Extrayendo account.move
2026-05-11 17:15:14,963 [INFO] extraccion.odoo_client - account.move: 14231 registros a extraer en bloques de 500
2026-05-11 17:15:15,822 [INFO] extraccion.odoo_client - account.move: 500/14231 extraidos (3%)
2026-05-11 17:15:16,543 [INFO] extraccion.odoo_client - account.move: 1000/14231 extraidos (7%)
2026-05-11 17:15:17,525 [INFO] extraccion.odoo_client - account.move: 1500/14231 extraidos (10%)
2026-05-11 17:15:18,300 [INFO] extraccion.odoo_client - account.move: 2000/14231 extraidos (14%)
2026-05-11 17:15:19,117 [INFO] extraccion.odoo_client - account.move: 2500/14231 extraidos (17%)
2026-05-11 17:15:19,887 [INFO] extraccion.odoo_client - account.move: 3000/14231 extraidos (21%)
2026-05-11 17:15:20,777 [INFO] extraccion.odoo_client - account.move: 3500/14231 extraidos (24%)
2026-05-11 17:15:21,595 [INFO] extraccion.odoo_client - account.move: 4000/14231 extraidos (28%)
2026-05-11 17:15:22,449 [INFO] extraccion.odoo_client - account.move: 4500/14231 extraidos (31%)
2026-05-11 17:15:23,294 [INFO] extraccion.odoo_client - account.move: 5000/14231 extraidos (35%)
2026-05-11 17:15:24,087 [INFO] extraccion.odoo_client - account.move: 5500/14231 extraidos (38%)
2026-05-11 17:15:24,987 [INFO] extraccion.odoo_client - account.move: 6000/14231 extraidos (42%)
2026-05-11 17:15:25,825 [INFO] extraccion.odoo_client - account.move: 6500/14231 extraidos (45%)
2026-05-11 17:15:26,714 [INFO] extraccion.odoo_client - account.move: 7000/14231 extraidos (49%)
2026-05-11 17:15:27,624 [INFO] extraccion.odoo_client - account.move: 7500/14231 extraidos (52%)
2026-05-11 17:15:28,565 [INFO] extraccion.odoo_client - account.move: 8000/14231 extraidos (56%)
2026-05-11 17:15:29,363 [INFO] extraccion.odoo_client - account.move: 8500/14231 extraidos (59%)
2026-05-11 17:15:30,157 [INFO] extraccion.odoo_client - account.move: 9000/14231 extraidos (63%)
2026-05-11 17:15:31,225 [INFO] extraccion.odoo_client - account.move: 9500/14231 extraidos (66%)
2026-05-11 17:15:32,408 [INFO] extraccion.odoo_client - account.move: 10000/14231 extraidos (70%)
2026-05-11 17:15:33,414 [INFO] extraccion.odoo_client - account.move: 10500/14231 extraidos (73%)
2026-05-11 17:15:34,327 [INFO] extraccion.odoo_client - account.move: 11000/14231 extraidos (77%)
2026-05-11 17:15:35,260 [INFO] extraccion.odoo_client - account.move: 11500/14231 extraidos (80%)
2026-05-11 17:15:36,402 [INFO] extraccion.odoo_client - account.move: 12000/14231 extraidos (84%)
2026-05-11 17:15:37,326 [INFO] extraccion.odoo_client - account.move: 12500/14231 extraidos (87%)
2026-05-11 17:15:38,269 [INFO] extraccion.odoo_client - account.move: 13000/14231 extraidos (91%)
2026-05-11 17:15:39,378 [INFO] extraccion.odoo_client - account.move: 13500/14231 extraidos (94%)
2026-05-11 17:15:40,234 [INFO] extraccion.odoo_client - account.move: 14000/14231 extraidos (98%)
2026-05-11 17:15:40,781 [INFO] extraccion.odoo_client - account.move: 14231/14231 extraidos (100%)
2026-05-11 17:15:40,785 [INFO] extraccion.extractor - <<< account.move: 14231 registros en 26.1s [ok]
2026-05-11 17:15:40,799 [INFO] extraer_inicial - ============================================================
2026-05-11 17:15:40,811 [INFO] extraer_inicial - COMPLETADO en 66.4s
2026-05-11 17:15:40,816 [INFO] extraer_inicial - Total registros: 37772
2026-05-11 17:15:40,820 [INFO] extraer_inicial - Modelos OK:      7
2026-05-11 17:15:40,827 [INFO] extraer_inicial - Modelos fallo:   1
2026-05-11 17:15:40,827 [ERROR] extraer_inicial -   - product.product: not well-formed (invalid token): line 4605, column 65
2026-05-11 17:15:40,827 [INFO] extraer_inicial - ============================================================
